<?xml version="1.0" encoding="UTF-8"?>
<!-- Generated by org.testng.reporters.JUnitReportReporter -->
<testsuite hostname="DESKTOP-7067EFG" failures="0" tests="1" name="javaSeleniumTest.HeroKuApp" time="14.815" errors="0" timestamp="2022-09-12T09:15:13 EDT" skipped="0">
  <testcase classname="javaSeleniumTest.HeroKuApp" name="googleSerch" time="14.815"/>
  <system-out/>
</testsuite> <!-- javaSeleniumTest.HeroKuApp -->
