<?xml version="1.0" encoding="UTF-8"?>
<!-- Generated by org.testng.reporters.JUnitReportReporter -->
<testsuite hostname="DESKTOP-7067EFG" failures="0" tests="2" name="javaSeleniumTest.TableElement" time="29.497" errors="0" timestamp="2022-09-22T10:28:28 EDT" skipped="0">
  <testcase classname="javaSeleniumTest.TableElement" name="getElementsFormTable" time="27.556"/>
  <system-out/>
  <testcase classname="javaSeleniumTest.TableElement" name="getTableData" time="1.941"/>
  <system-out/>
</testsuite> <!-- javaSeleniumTest.TableElement -->
