<?xml version="1.0" encoding="UTF-8"?>
<!-- Generated by org.testng.reporters.JUnitReportReporter -->
<testsuite hostname="DESKTOP-7067EFG" failures="0" tests="2" name="javaSeleniumTest.DropDownDemo" time="5.968" errors="0" timestamp="2022-09-20T08:50:01 EDT" skipped="0">
  <testcase classname="javaSeleniumTest.DropDownDemo" name="dropDown" time="5.162"/>
  <system-out/>
  <testcase classname="javaSeleniumTest.DropDownDemo" name="deSelect" time="0.806"/>
  <system-out/>
</testsuite> <!-- javaSeleniumTest.DropDownDemo -->
