<?xml version="1.0" encoding="UTF-8"?>
<!-- Generated by org.testng.reporters.JUnitReportReporter -->
<testsuite hostname="DESKTOP-7067EFG" failures="0" tests="1" name="javaSeleniumTest.TestTestNg02" time="14.160" errors="0" timestamp="2022-09-05T17:13:20 EDT" skipped="0">
  <testcase classname="javaSeleniumTest.TestTestNg02" name="googleSerch" time="14.160"/>
  <system-out/>
</testsuite> <!-- javaSeleniumTest.TestTestNg02 -->
