<?xml version="1.0" encoding="UTF-8"?>
<!-- Generated by org.testng.reporters.JUnitReportReporter -->
<testsuite hostname="DESKTOP-7067EFG" failures="0" tests="2" name="javaSeleniumTest.SeleniumWait" time="7.429" errors="0" timestamp="2022-09-20T09:30:58 EDT" skipped="0">
  <testcase classname="javaSeleniumTest.SeleniumWait" name="explicitlyWait" time="5.236"/>
  <system-out/>
  <testcase classname="javaSeleniumTest.SeleniumWait" name="implicitlyWait" time="2.193"/>
  <system-out/>
</testsuite> <!-- javaSeleniumTest.SeleniumWait -->
