<?xml version="1.0" encoding="UTF-8"?>
<!-- Generated by org.testng.reporters.JUnitReportReporter -->
<testsuite hostname="DESKTOP-7067EFG" failures="0" tests="2" name="javaSeleniumTest.RadioAndCheckBoxDemo" time="5.050" errors="0" timestamp="2022-09-19T21:00:57 EDT" skipped="0">
  <testcase classname="javaSeleniumTest.RadioAndCheckBoxDemo" name="checkBoxBtn" time="3.436"/>
  <system-out/>
  <testcase classname="javaSeleniumTest.RadioAndCheckBoxDemo" name="radioButton" time="1.614"/>
  <system-out/>
</testsuite> <!-- javaSeleniumTest.RadioAndCheckBoxDemo -->
