<?xml version="1.0" encoding="UTF-8"?>
<!-- Generated by org.testng.reporters.JUnitReportReporter -->
<testsuite hostname="DESKTOP-7067EFG" failures="0" tests="1" name="javaSeleniumTest.HerokuappLogin" time="14.794" errors="0" timestamp="2022-09-14T08:48:24 EDT" skipped="0">
  <testcase classname="javaSeleniumTest.HerokuappLogin" name="googleSerch" time="14.794"/>
  <system-out/>
</testsuite> <!-- javaSeleniumTest.HerokuappLogin -->
